TN:
SF:src\components\AddUserCardForm.jsx
FN:5,AddUserCardForm
FN:22,(anonymous_1)
FN:27,(anonymous_2)
FN:28,(anonymous_3)
FN:33,(anonymous_4)
FN:38,(anonymous_5)
FN:39,(anonymous_6)
FN:47,(anonymous_7)
FN:49,(anonymous_8)
FN:55,(anonymous_9)
FN:102,(anonymous_10)
FN:104,(anonymous_11)
FN:112,(anonymous_12)
FN:119,(anonymous_13)
FN:127,(anonymous_14)
FN:128,(anonymous_15)
FN:130,(anonymous_16)
FN:135,(anonymous_17)
FNF:18
FNH:0
FNDA:0,AddUserCardForm
FNDA:0,(anonymous_1)
FNDA:0,(anonymous_2)
FNDA:0,(anonymous_3)
FNDA:0,(anonymous_4)
FNDA:0,(anonymous_5)
FNDA:0,(anonymous_6)
FNDA:0,(anonymous_7)
FNDA:0,(anonymous_8)
FNDA:0,(anonymous_9)
FNDA:0,(anonymous_10)
FNDA:0,(anonymous_11)
FNDA:0,(anonymous_12)
FNDA:0,(anonymous_13)
FNDA:0,(anonymous_14)
FNDA:0,(anonymous_15)
FNDA:0,(anonymous_16)
FNDA:0,(anonymous_17)
DA:6,0
DA:16,0
DA:17,0
DA:18,0
DA:19,0
DA:20,0
DA:22,0
DA:24,0
DA:27,0
DA:29,0
DA:33,0
DA:34,0
DA:35,0
DA:38,0
DA:40,0
DA:43,0
DA:47,0
DA:48,0
DA:49,0
DA:55,0
DA:56,0
DA:57,0
DA:59,0
DA:60,0
DA:61,0
DA:64,0
DA:65,0
DA:71,0
DA:72,0
DA:82,0
DA:83,0
DA:85,0
DA:86,0
DA:87,0
DA:88,0
DA:90,0
DA:95,0
DA:97,0
DA:102,0
DA:105,0
DA:113,0
DA:114,0
DA:120,0
DA:127,0
DA:128,0
DA:131,0
DA:135,0
LF:47
LH:0
BRDA:29,0,0,0
BRDA:29,0,1,0
BRDA:34,1,0,0
BRDA:34,1,1,0
BRDA:40,2,0,0
BRDA:40,2,1,0
BRDA:51,3,0,0
BRDA:51,3,1,0
BRDA:59,4,0,0
BRDA:59,4,1,0
BRDA:83,5,0,0
BRDA:83,5,1,0
BRDA:85,6,0,0
BRDA:85,6,1,0
BRDA:85,7,0,0
BRDA:85,7,1,0
BRDA:87,8,0,0
BRDA:87,8,1,0
BRDA:87,9,0,0
BRDA:87,9,1,0
BRDA:95,10,0,0
BRDA:95,10,1,0
BRDA:111,11,0,0
BRDA:111,11,1,0
BRDA:114,12,0,0
BRDA:114,12,1,0
BRDA:124,13,0,0
BRDA:124,13,1,0
BRDA:193,14,0,0
BRDA:193,14,1,0
BRF:30
BRH:0
end_of_record
TN:
SF:src\components\CardDetailsModal.jsx
FN:5,(anonymous_0)
FN:8,(anonymous_1)
FN:30,(anonymous_2)
FN:45,(anonymous_3)
FN:57,(anonymous_4)
FN:70,(anonymous_5)
FN:82,(anonymous_6)
FN:96,(anonymous_7)
FN:103,(anonymous_8)
FN:111,(anonymous_9)
FNF:10
FNH:9
FNDA:16,(anonymous_0)
FNDA:4,(anonymous_1)
FNDA:1,(anonymous_2)
FNDA:29,(anonymous_3)
FNDA:29,(anonymous_4)
FNDA:7,(anonymous_5)
FNDA:0,(anonymous_6)
FNDA:29,(anonymous_7)
FNDA:1,(anonymous_8)
FNDA:4,(anonymous_9)
DA:5,2
DA:6,16
DA:8,16
DA:9,4
DA:10,1
DA:13,3
DA:14,3
DA:15,3
DA:16,2
DA:19,2
DA:20,1
DA:23,1
DA:24,1
DA:26,3
DA:30,16
DA:31,1
DA:32,1
DA:33,1
DA:36,1
DA:38,0
DA:39,0
DA:41,1
DA:45,16
DA:46,29
DA:54,29
DA:57,16
DA:58,29
DA:65,29
DA:68,16
DA:70,7
DA:83,0
DA:97,29
DA:103,1
DA:111,4
LF:34
LH:31
BRDA:9,0,0,1
BRDA:9,0,1,3
BRDA:19,1,0,1
BRDA:19,1,1,1
BRDA:54,2,0,29
BRDA:54,2,1,0
BRDA:65,3,0,29
BRDA:65,3,1,0
BRDA:102,4,0,16
BRDA:102,4,1,13
BRDA:105,5,0,16
BRDA:105,5,1,13
BRDA:107,6,0,16
BRDA:107,6,1,13
BRDA:136,7,0,16
BRDA:136,7,1,13
BRDA:140,8,0,13
BRDA:140,8,1,16
BRDA:144,9,0,0
BRDA:144,9,1,29
BRDA:146,10,0,29
BRDA:146,10,1,13
BRDA:152,11,0,29
BRDA:152,11,1,16
BRF:24
BRH:21
end_of_record
TN:
SF:src\components\CardList.jsx
FN:4,(anonymous_0)
FN:9,(anonymous_1)
FN:12,(anonymous_2)
FN:60,(anonymous_3)
FNF:4
FNH:0
FNDA:0,(anonymous_0)
FNDA:0,(anonymous_1)
FNDA:0,(anonymous_2)
FNDA:0,(anonymous_3)
DA:4,0
DA:5,0
DA:6,0
DA:7,0
DA:9,0
DA:10,0
DA:12,0
DA:13,0
DA:14,0
DA:15,0
DA:17,0
DA:18,0
DA:19,0
DA:23,0
DA:32,0
DA:34,0
DA:35,0
DA:36,0
DA:39,0
DA:40,0
DA:43,0
DA:44,0
DA:46,0
DA:47,0
DA:49,0
DA:52,0
DA:55,0
DA:56,0
DA:58,0
DA:61,0
LF:30
LH:0
BRDA:10,0,0,0
BRDA:10,0,1,0
BRDA:18,1,0,0
BRDA:18,1,1,0
BRDA:32,2,0,0
BRDA:32,2,1,0
BRDA:39,3,0,0
BRDA:39,3,1,0
BRDA:55,4,0,0
BRDA:55,4,1,0
BRDA:56,5,0,0
BRDA:56,5,1,0
BRF:12
BRH:0
end_of_record
TN:
SF:src\components\ExpansionFilter.jsx
FN:5,(anonymous_0)
FN:10,(anonymous_1)
FN:13,(anonymous_2)
FN:37,(anonymous_3)
FN:42,(anonymous_4)
FN:44,(anonymous_5)
FN:49,(anonymous_6)
FN:87,(anonymous_7)
FNF:8
FNH:8
FNDA:33,(anonymous_0)
FNDA:19,(anonymous_1)
FNDA:19,(anonymous_2)
FNDA:19,(anonymous_3)
FNDA:29,(anonymous_4)
FNDA:3,(anonymous_5)
FNDA:2,(anonymous_6)
FNDA:29,(anonymous_7)
DA:5,3
DA:6,33
DA:7,33
DA:8,33
DA:10,33
DA:11,19
DA:13,19
DA:14,19
DA:15,19
DA:16,19
DA:17,19
DA:19,17
DA:20,14
DA:23,1
DA:24,1
DA:25,1
DA:28,18
DA:29,15
DA:34,19
DA:37,19
DA:38,19
DA:42,33
DA:44,33
DA:45,3
DA:46,3
DA:47,1
DA:49,2
DA:50,2
DA:54,33
DA:55,19
DA:62,14
DA:63,1
DA:70,13
DA:71,1
DA:78,12
DA:88,29
LF:36
LH:36
BRDA:19,0,0,14
BRDA:19,0,1,3
BRDA:23,1,0,1
BRDA:23,1,1,0
BRDA:28,2,0,15
BRDA:28,2,1,3
BRDA:46,3,0,1
BRDA:46,3,1,2
BRDA:50,4,0,2
BRDA:50,4,1,0
BRDA:54,5,0,19
BRDA:54,5,1,14
BRDA:62,6,0,1
BRDA:62,6,1,13
BRDA:70,7,0,1
BRDA:70,7,1,12
BRDA:81,8,0,12
BRDA:81,8,1,4
BRF:18
BRH:16
end_of_record
TN:
SF:src\components\ExpansionSelector.jsx
FN:4,(anonymous_0)
FN:9,(anonymous_1)
FN:10,(anonymous_2)
FN:57,(anonymous_3)
FN:61,(anonymous_4)
FNF:5
FNH:0
FNDA:0,(anonymous_0)
FNDA:0,(anonymous_1)
FNDA:0,(anonymous_2)
FNDA:0,(anonymous_3)
FNDA:0,(anonymous_4)
DA:4,0
DA:5,0
DA:6,0
DA:7,0
DA:9,0
DA:10,0
DA:11,0
DA:13,0
DA:14,0
DA:15,0
DA:18,0
DA:27,0
DA:28,0
DA:31,0
DA:32,0
DA:35,0
DA:36,0
DA:38,0
DA:39,0
DA:41,0
DA:44,0
DA:47,0
DA:48,0
DA:50,0
DA:57,0
DA:63,0
LF:26
LH:0
BRDA:14,0,0,0
BRDA:14,0,1,0
BRDA:27,1,0,0
BRDA:27,1,1,0
BRDA:31,2,0,0
BRDA:31,2,1,0
BRDA:47,3,0,0
BRDA:47,3,1,0
BRDA:48,4,0,0
BRDA:48,4,1,0
BRF:10
BRH:0
end_of_record
TN:
SF:src\components\Login.jsx
FN:4,(anonymous_0)
FN:10,(anonymous_1)
FN:67,(anonymous_2)
FN:77,(anonymous_3)
FNF:4
FNH:4
FNDA:36,(anonymous_0)
FNDA:8,(anonymous_1)
FNDA:7,(anonymous_2)
FNDA:6,(anonymous_3)
DA:4,2
DA:5,36
DA:6,36
DA:7,36
DA:8,36
DA:10,36
DA:11,8
DA:13,8
DA:14,3
DA:15,3
DA:18,5
DA:19,5
DA:20,5
DA:28,4
DA:29,3
DA:30,3
DA:31,3
DA:32,3
DA:33,3
DA:34,3
DA:35,3
DA:36,1
DA:39,1
DA:40,1
DA:43,1
DA:44,1
DA:46,5
DA:50,36
DA:67,7
DA:77,6
LF:30
LH:30
BRDA:13,0,0,3
BRDA:13,0,1,5
BRDA:13,1,0,8
BRDA:13,1,1,6
BRDA:28,2,0,3
BRDA:28,2,1,1
BRDA:35,3,0,1
BRDA:35,3,1,2
BRDA:40,4,0,1
BRDA:40,4,1,0
BRDA:81,5,0,5
BRDA:81,5,1,31
BRDA:84,6,0,36
BRDA:84,6,1,10
BRDA:87,7,0,7
BRDA:87,7,1,3
BRF:16
BRH:15
end_of_record
TN:
SF:src\components\Register.jsx
FN:3,(anonymous_0)
FN:10,(anonymous_1)
FN:52,(anonymous_2)
FN:64,(anonymous_3)
FN:76,(anonymous_4)
FNF:5
FNH:5
FNDA:38,(anonymous_0)
FNDA:6,(anonymous_1)
FNDA:6,(anonymous_2)
FNDA:6,(anonymous_3)
FNDA:6,(anonymous_4)
DA:3,2
DA:4,38
DA:5,38
DA:6,38
DA:7,38
DA:8,38
DA:10,38
DA:11,6
DA:13,6
DA:14,6
DA:15,6
DA:23,5
DA:24,4
DA:25,4
DA:26,0
DA:29,1
DA:30,1
DA:33,1
DA:34,1
DA:36,6
DA:40,38
DA:52,6
DA:64,6
DA:76,6
LF:24
LH:23
BRDA:23,0,0,4
BRDA:23,0,1,1
BRDA:25,1,0,0
BRDA:25,1,1,4
BRDA:85,2,0,6
BRDA:85,2,1,32
BRDA:88,3,0,38
BRDA:88,3,1,6
BRDA:89,4,0,2
BRDA:89,4,1,4
BRF:10
BRH:9
end_of_record
TN:
SF:src\components\UserCollection.jsx
FN:7,(anonymous_0)
FN:17,(anonymous_1)
FN:31,(anonymous_2)
FN:35,(anonymous_3)
FN:41,(anonymous_4)
FN:51,(anonymous_5)
FN:56,(anonymous_6)
FN:61,(anonymous_7)
FN:66,(anonymous_8)
FN:70,(anonymous_9)
FN:92,(anonymous_10)
FN:118,(anonymous_11)
FN:126,(anonymous_12)
FN:145,(anonymous_13)
FN:151,(anonymous_14)
FNF:15
FNH:14
FNDA:34,(anonymous_0)
FNDA:10,(anonymous_1)
FNDA:9,(anonymous_2)
FNDA:19,(anonymous_3)
FNDA:2,(anonymous_4)
FNDA:1,(anonymous_5)
FNDA:2,(anonymous_6)
FNDA:1,(anonymous_7)
FNDA:1,(anonymous_8)
FNDA:1,(anonymous_9)
FNDA:27,(anonymous_10)
FNDA:27,(anonymous_11)
FNDA:0,(anonymous_12)
FNDA:2,(anonymous_13)
FNDA:1,(anonymous_14)
DA:7,2
DA:8,34
DA:9,34
DA:10,34
DA:11,34
DA:12,34
DA:13,34
DA:14,34
DA:15,34
DA:17,34
DA:18,10
DA:19,10
DA:20,10
DA:21,10
DA:22,10
DA:24,0
DA:25,0
DA:27,10
DA:31,34
DA:32,9
DA:35,34
DA:36,19
DA:37,18
DA:38,18
DA:40,1
DA:41,2
DA:42,1
DA:45,1
DA:46,1
DA:51,34
DA:52,1
DA:53,1
DA:56,34
DA:57,2
DA:58,2
DA:61,34
DA:62,1
DA:63,1
DA:66,34
DA:67,1
DA:70,34
DA:71,1
DA:73,1
DA:76,1
DA:77,1
DA:82,1
DA:84,0
DA:88,34
DA:89,16
DA:92,27
DA:93,16
DA:95,16
DA:119,27
DA:127,0
DA:145,2
DA:151,1
LF:56
LH:52
BRDA:36,0,0,18
BRDA:36,0,1,1
BRDA:45,1,0,1
BRDA:45,1,1,0
BRDA:88,2,0,18
BRDA:88,2,1,16
BRDA:89,3,0,0
BRDA:89,3,1,16
BRDA:106,4,0,16
BRDA:106,4,1,0
BRDA:106,5,0,15
BRDA:106,5,1,1
BRDA:110,6,0,2
BRDA:110,6,1,14
BRDA:112,7,0,2
BRDA:112,7,1,0
BRDA:138,8,0,14
BRDA:138,8,1,13
BRDA:150,9,0,14
BRDA:150,9,1,13
BRDA:153,10,0,14
BRDA:153,10,1,13
BRDA:162,11,0,16
BRDA:162,11,1,2
BRDA:162,11,2,2
BRF:25
BRH:21
end_of_record
